AI MANDATE #7b - Checkout Error-Budget Burn-Rate Live E2E
Captured: 2026-07-23 14:34-14:35 +07
Source: live Prometheus at http://localhost:9090
Official checkout SLO: success >= 99.0%; error budget = 0.01; window = rolling 24h
Mode: dry-run

Cycle 1
2026-07-23 14:34:44.850 WARNING aiops.detectors.threshold AIOPS_DETECT threshold_fire detector=ops01_checkout_slo_burn_rate signal=checkout_error_budget_burn_rate_24h value=8.320836872333707 threshold=1.0 service=checkout severity=SEV1
2026-07-23 14:34:52.028 INFO aiops.storage.sqlite AIOPS_NOTIFY_ENQUEUED_READY incident=inc-ca09d8e8a247 service=checkout severity=SEV1 runbook=RB-CHECKOUT-SLO status=pending
2026-07-23 14:34:52.028 INFO aiops.storage.sqlite AIOPS_INCIDENT_UPSERT action=created incident=inc-ca09d8e8a247 service=checkout detector=ops01_checkout_slo_burn_rate occurrence=1 notification_enqueued=True
2026-07-23 14:34:55.829 INFO aiops.pipeline.runtime AIOPS_DEDUP_RESULT ids=['inc-ca09d8e8a247'] services=['checkout'] occurrences=[1]
2026-07-23 14:34:55.847 INFO aiops.pipeline.runtime AIOPS_NOTIFY_READY incident=inc-ca09d8e8a247 service=checkout severity=SEV1 runbook=RB-CHECKOUT-SLO route=outbox status=pending
BURN_RATE_PROOF candidates=[('ops01_checkout_slo_burn_rate', 'checkout_error_budget_burn_rate_24h', 8.320836872333707, 1.0, 'SEV1')]
BURN_RATE_PROOF incidents=[('inc-ca09d8e8a247', 'checkout', 'SEV1', 1)]

Cycle 2 - same state store
2026-07-23 14:35:19.562 WARNING aiops.detectors.threshold AIOPS_DETECT threshold_fire detector=ops01_checkout_slo_burn_rate signal=checkout_error_budget_burn_rate_24h value=8.322985055686418 threshold=1.0 service=checkout severity=SEV1
2026-07-23 14:35:30.937 INFO aiops.pipeline.runtime AIOPS_DEDUP_RESULT ids=['inc-ca09d8e8a247'] services=['checkout'] occurrences=[2]
BURN_RATE_DEDUP incidents=[('inc-ca09d8e8a247', 2)]

Result
- Live telemetry calculation: PASS
- Threshold detection: PASS (8.32x > 1x)
- Incident creation: PASS
- Notification intent: PASS (outbox pending; no external webhook configured)
- Dedup/no-spam: PASS (same incident ID, occurrence 1 -> 2; no second burn-rate notification enqueued during cooldown)
- Live mutation: NONE